<?xml version="1.0" encoding="UTF-8"?>
<testng-results skipped="0" failed="0" total="1" passed="1">
  <reporter-output>
  </reporter-output>
  <suite name="Suite" duration-ms="29858" started-at="2018-04-04T04:02:16Z" finished-at="2018-04-04T04:02:45Z">
    <groups>
    </groups>
    <test name="Test" duration-ms="29858" started-at="2018-04-04T04:02:16Z" finished-at="2018-04-04T04:02:45Z">
      <class name="testcases.OrderConfirmation_BANK_WIRE_PAYMENT">
        <test-method status="PASS" signature="DataReading()[pri:0, instance:testcases.OrderConfirmation_BANK_WIRE_PAYMENT@16e0356]" name="DataReading" is-config="true" duration-ms="408" started-at="2018-04-04T09:32:15Z" finished-at="2018-04-04T09:32:16Z">
          <reporter-output>
          </reporter-output>
        </test-method> <!-- DataReading -->
        <test-method status="PASS" signature="OpenApp()[pri:0, instance:testcases.OrderConfirmation_BANK_WIRE_PAYMENT@16e0356]" name="OpenApp" is-config="true" duration-ms="9550" started-at="2018-04-04T09:32:16Z" finished-at="2018-04-04T09:32:25Z">
          <reporter-output>
          </reporter-output>
        </test-method> <!-- OpenApp -->
        <test-method status="PASS" signature="OrderConfirmation_BankWirePayment()[pri:0, instance:testcases.OrderConfirmation_BANK_WIRE_PAYMENT@16e0356]" name="OrderConfirmation_BankWirePayment" duration-ms="18879" started-at="2018-04-04T09:32:25Z" finished-at="2018-04-04T09:32:44Z">
          <reporter-output>
          </reporter-output>
        </test-method> <!-- OrderConfirmation_BankWirePayment -->
        <test-method status="PASS" signature="CloseApp()[pri:0, instance:testcases.OrderConfirmation_BANK_WIRE_PAYMENT@16e0356]" name="CloseApp" is-config="true" duration-ms="1403" started-at="2018-04-04T09:32:44Z" finished-at="2018-04-04T09:32:45Z">
          <reporter-output>
          </reporter-output>
        </test-method> <!-- CloseApp -->
      </class> <!-- testcases.OrderConfirmation_BANK_WIRE_PAYMENT -->
    </test> <!-- Test -->
  </suite> <!-- Suite -->
</testng-results>
